<?xml version="1.0" encoding="UTF-8"?>
<testng-results ignored="0" total="1" passed="1" failed="0" skipped="0">
  <reporter-output>
  </reporter-output>
  <suite started-at="2021-11-02T18:16:18 PET" name="Default suite" finished-at="2021-11-02T18:16:21 PET" duration-ms="3063">
    <groups>
    </groups>
    <test started-at="2021-11-02T18:16:18 PET" name="Default test" finished-at="2021-11-02T18:16:21 PET" duration-ms="3063">
      <class name="com.google.GoogleTest">
        <test-method signature="f()[pri:0, instance:com.google.GoogleTest@4d5b6aac]" started-at="2021-11-02T18:16:18 PET" name="f" finished-at="2021-11-02T18:16:21 PET" duration-ms="3027" status="PASS">
          <reporter-output>
          </reporter-output>
        </test-method> <!-- f -->
      </class> <!-- com.google.GoogleTest -->
    </test> <!-- Default test -->
  </suite> <!-- Default suite -->
</testng-results>
